  Main.cpp
E:\Coding\C++\Applications\RestoreApp\app\Main.cpp(56,52): warning C4244: 'argument': conversion from 'int' to 'float', possible loss of data
E:\Coding\C++\Applications\RestoreApp\app\Main.cpp(56,40): warning C4244: 'argument': conversion from 'int' to 'float', possible loss of data
E:\Coding\C++\Applications\RestoreApp\app\Main.cpp(104,19): warning C4244: 'initializing': conversion from 'int' to 'float', possible loss of data
E:\Coding\C++\Applications\RestoreApp\app\Main.cpp(108,21): warning C4018: '<': signed/unsigned mismatch
E:\Coding\C++\Applications\RestoreApp\app\Main.cpp(114,10): warning C4018: '<': signed/unsigned mismatch
E:\Coding\C++\Applications\RestoreApp\app\Main.cpp(172,46): warning C4244: 'argument': conversion from 'int' to 'float', possible loss of data
E:\Coding\C++\Applications\RestoreApp\app\Main.cpp(174,93): warning C4244: 'argument': conversion from 'int' to 'float', possible loss of data
E:\Coding\C++\Applications\RestoreApp\app\Main.cpp(174,76): warning C4244: 'argument': conversion from 'int' to 'float', possible loss of data
E:\Coding\C++\Applications\RestoreApp\app\Main.cpp(174,51): warning C4244: 'argument': conversion from 'int' to 'float', possible loss of data
E:\Coding\C++\Applications\RestoreApp\app\Main.cpp(176,74): warning C4244: 'argument': conversion from 'int' to 'float', possible loss of data
E:\Coding\C++\Applications\RestoreApp\app\Main.cpp(176,42): warning C4244: 'argument': conversion from 'int' to 'float', possible loss of data
E:\Coding\C++\Applications\RestoreApp\app\Main.cpp(177,40): warning C4244: 'argument': conversion from 'int' to 'float', possible loss of data
  powershell.cpp
E:\Coding\C++\Applications\RestoreApp\app\powershell.cpp(15,20): warning C4018: '<': signed/unsigned mismatch
E:\Coding\C++\Applications\RestoreApp\app\powershell.cpp(97,20): warning C4018: '<': signed/unsigned mismatch
E:\Coding\C++\Applications\RestoreApp\app\powershell.cpp(109,20): warning C4018: '<': signed/unsigned mismatch
E:\Coding\C++\Applications\RestoreApp\app\powershell.cpp(111,21): warning C4018: '<': signed/unsigned mismatch
  Generating Code...
  RestoreApp.vcxproj -> E:\Coding\C++\Applications\RestoreApp\Debug\RestoreApp.exe
